<?xml version="1.0" encoding="UTF-8"?>
<!-- Generated by org.testng.reporters.JUnitReportReporter -->
<testsuite hostname="PC-CHR1ST14N" failures="0" tests="1" name="org.example.BusSizeTest" time="0.006" errors="0" timestamp="2023-03-29T17:00:29 COT" skipped="0">
  <testcase classname="org.example.BusSizeTest" name="shouldReturnHelloThere" time="0.006"/>
  <system-out/>
</testsuite> <!-- org.example.BusSizeTest -->
