<?xml version="1.0" encoding="UTF-8"?>
<!-- Generated by org.testng.reporters.JUnitReportReporter -->
<testsuite hostname="PC-CHR1ST14N" failures="0" tests="6" name="org.example.BusSizeTest" time="0.029" errors="0" timestamp="2023-03-30T18:57:56 COT" skipped="0">
  <testcase classname="org.example.BusSizeTest" name="testOutputOne" time="0.001"/>
  <system-out/>
  <testcase classname="org.example.BusSizeTest" name="testOutputTwo" time="0.000"/>
  <system-out/>
  <testcase classname="org.example.BusSizeTest" name="testOutputFour" time="0.001"/>
  <system-out/>
  <testcase classname="org.example.BusSizeTest" name="testOutputSix" time="0.001"/>
  <system-out/>
  <testcase classname="org.example.BusSizeTest" name="testOutputThree" time="0.000"/>
  <system-out/>
  <testcase classname="org.example.BusSizeTest" name="testOutputFive" time="0.026"/>
  <system-out/>
</testsuite> <!-- org.example.BusSizeTest -->
