<?xml version="1.0" encoding="UTF-8"?>
<!-- Generated by org.testng.reporters.JUnitReportReporter -->
<testsuite hostname="PC-CHR1ST14N" failures="0" tests="6" name="app.BusSizeTest" time="0.024" errors="0" timestamp="2023-03-30T23:01:48 COT" skipped="0">
  <testcase classname="app.BusSizeTest" name="testOutputSix" time="0.001"/>
  <system-out/>
  <testcase classname="app.BusSizeTest" name="testOutputOne" time="0.000"/>
  <system-out/>
  <testcase classname="app.BusSizeTest" name="testOutputThree" time="0.000"/>
  <system-out/>
  <testcase classname="app.BusSizeTest" name="testOutputFive" time="0.022"/>
  <system-out/>
  <testcase classname="app.BusSizeTest" name="testOutputTwo" time="0.000"/>
  <system-out/>
  <testcase classname="app.BusSizeTest" name="testOutputFour" time="0.001"/>
  <system-out/>
</testsuite> <!-- app.BusSizeTest -->
